2025/01/17 20:23:37 [emerg] 1#1: "server" directive is not allowed here in /etc/nginx/nginx.conf:1
2025/01/18 07:36:52 [emerg] 1#1: host not found in upstream "app-dev" in /etc/nginx/nginx.conf:12
2025/01/20 03:50:39 [emerg] 1#1: host not found in upstream "app-dev" in /etc/nginx/nginx.conf:12
2025/01/23 08:32:24 [emerg] 1#1: host not found in upstream "app-dev" in /etc/nginx/nginx.conf:12
2025/01/27 03:46:20 [emerg] 1#1: host not found in upstream "app-dev" in /etc/nginx/nginx.conf:12
2025/01/28 10:15:15 [emerg] 1#1: host not found in upstream "app-dev" in /etc/nginx/nginx.conf:12
2025/01/29 11:32:30 [emerg] 1#1: invalid number of arguments in "proxy_pass" directive in /etc/nginx/nginx.conf:13
2025/01/29 11:35:12 [emerg] 1#1: invalid number of arguments in "proxy_pass" directive in /etc/nginx/nginx.conf:13
2025/01/30 03:26:16 [emerg] 1#1: host not found in upstream "fastapi" in /etc/nginx/nginx.conf:12
2025/01/30 03:30:45 [emerg] 1#1: host not found in upstream "fastapi" in /etc/nginx/nginx.conf:12
2025/01/30 03:33:39 [emerg] 1#1: host not found in upstream "fastapi" in /etc/nginx/nginx.conf:12
2025/01/30 09:54:06 [emerg] 1#1: host not found in upstream "fastapi" in /etc/nginx/nginx.conf:12
2025/01/30 13:42:29 [emerg] 1#1: host not found in upstream "fastapi" in /etc/nginx/nginx.conf:12
2025/01/30 14:09:07 [emerg] 1#1: host not found in upstream "fastapi" in /etc/nginx/nginx.conf:12
2025/01/30 14:19:36 [emerg] 1#1: host not found in upstream "fastapi" in /etc/nginx/nginx.conf:12
2025/01/30 14:37:07 [emerg] 1#1: host not found in upstream "fastapi" in /etc/nginx/nginx.conf:12
2025/01/31 03:27:16 [emerg] 1#1: host not found in upstream "fastapi" in /etc/nginx/nginx.conf:12
2025/01/31 03:40:26 [emerg] 1#1: host not found in upstream "fastapi" in /etc/nginx/nginx.conf:12
2025/01/31 05:08:39 [emerg] 1#1: host not found in upstream "fastapi" in /etc/nginx/nginx.conf:12
2025/01/31 09:14:37 [emerg] 1#1: host not found in upstream "fastapi" in /etc/nginx/nginx.conf:12
2025/01/31 15:54:07 [emerg] 1#1: host not found in upstream "fastapi" in /etc/nginx/nginx.conf:12
2025/01/31 16:19:36 [emerg] 1#1: host not found in upstream "fastapi" in /etc/nginx/nginx.conf:12
2025/01/31 16:28:27 [emerg] 1#1: host not found in upstream "fastapi" in /etc/nginx/nginx.conf:12
2025/01/31 16:29:47 [emerg] 1#1: host not found in upstream "fastapi" in /etc/nginx/nginx.conf:12
2025/01/31 12:08:59 [emerg] 1#1: host not found in upstream "fastapi" in /etc/nginx/nginx.conf:12
2025/01/31 12:55:29 [emerg] 1#1: host not found in upstream "fastapi" in /etc/nginx/nginx.conf:12
2025/01/31 13:13:24 [emerg] 1#1: host not found in upstream "fastapi" in /etc/nginx/nginx.conf:12
2025/01/31 13:15:09 [emerg] 1#1: host not found in upstream "fastapi" in /etc/nginx/nginx.conf:12
2025/02/01 06:02:11 [emerg] 1#1: host not found in upstream "fastapi" in /etc/nginx/nginx.conf:12
2025/02/05 04:51:14 [emerg] 1#1: host not found in upstream "fastapi" in /etc/nginx/nginx.conf:12
2025/02/06 09:13:02 [emerg] 1#1: host not found in upstream "fastapi" in /etc/nginx/nginx.conf:12
2025/02/06 10:17:06 [emerg] 1#1: host not found in upstream "fastapi" in /etc/nginx/nginx.conf:12
2025/02/06 10:17:30 [emerg] 1#1: host not found in upstream "fastapi" in /etc/nginx/nginx.conf:12
2025/02/06 10:22:38 [emerg] 1#1: host not found in upstream "fastapi" in /etc/nginx/nginx.conf:12
2025/02/06 11:24:59 [emerg] 1#1: host not found in upstream "fastapi" in /etc/nginx/nginx.conf:12
2025/02/06 12:45:21 [emerg] 1#1: host not found in upstream "fastapi" in /etc/nginx/nginx.conf:12
2025/02/06 14:42:14 [emerg] 1#1: host not found in upstream "fastapi" in /etc/nginx/nginx.conf:12
2025/02/07 03:53:15 [emerg] 1#1: host not found in upstream "fastapi" in /etc/nginx/nginx.conf:12
2025/02/10 05:51:10 [error] 22#22: *25 upstream timed out (110: Connection timed out) while reading response header from upstream, client: 172.18.0.7, server: your-domain.com, request: "POST /ipfs HTTP/1.1", upstream: "http://172.18.0.2:4000/ipfs", host: "nginx"
2025/02/10 05:52:06 [error] 22#22: *27 upstream timed out (110: Connection timed out) while reading response header from upstream, client: 172.18.0.7, server: your-domain.com, request: "POST /ipfs HTTP/1.1", upstream: "http://172.18.0.2:4000/ipfs", host: "nginx"
2025/02/10 05:53:17 [error] 22#22: *29 upstream timed out (110: Connection timed out) while reading response header from upstream, client: 172.18.0.7, server: your-domain.com, request: "POST /ipfs HTTP/1.1", upstream: "http://172.18.0.2:4000/ipfs", host: "nginx"
2025/02/10 05:53:56 [error] 22#22: *31 upstream timed out (110: Connection timed out) while reading response header from upstream, client: 172.18.0.7, server: your-domain.com, request: "POST /ipfs HTTP/1.1", upstream: "http://172.18.0.2:4000/ipfs", host: "nginx"
2025/02/10 06:09:40 [error] 22#22: *45 upstream timed out (110: Connection timed out) while reading response header from upstream, client: 172.18.0.7, server: your-domain.com, request: "POST /ipfs HTTP/1.1", upstream: "http://172.18.0.2:4000/ipfs", host: "nginx"
2025/02/10 06:11:22 [error] 22#22: *47 upstream timed out (110: Connection timed out) while reading response header from upstream, client: 172.18.0.7, server: your-domain.com, request: "POST /ipfs HTTP/1.1", upstream: "http://172.18.0.2:4000/ipfs", host: "nginx"
2025/02/10 15:35:30 [emerg] 1#1: host not found in upstream "fastapi" in /etc/nginx/nginx.conf:12
2025/02/11 06:22:32 [emerg] 1#1: host not found in upstream "fastapi" in /etc/nginx/nginx.conf:12
2025/02/11 09:10:02 [error] 22#22: *12 client intended to send too large body: 324966550 bytes, client: 172.18.0.1, server: your-domain.com, request: "POST /upload HTTP/1.1", host: "localhost", referrer: "http://localhost:3000/"
2025/02/11 14:28:25 [emerg] 1#1: host not found in upstream "fastapi" in /etc/nginx/nginx.conf:12
2025/02/11 15:52:33 [emerg] 1#1: host not found in upstream "fastapi" in /etc/nginx/nginx.conf:12
2025/02/12 05:41:27 [emerg] 1#1: host not found in upstream "fastapi" in /etc/nginx/nginx.conf:12
2025/02/16 10:45:23 [emerg] 1#1: host not found in upstream "fastapi" in /etc/nginx/nginx.conf:12
2025/02/16 11:02:47 [emerg] 1#1: host not found in upstream "fastapi" in /etc/nginx/nginx.conf:12
2025/02/16 11:30:39 [emerg] 1#1: host not found in upstream "fastapi" in /etc/nginx/nginx.conf:12
2025/02/16 11:42:57 [emerg] 1#1: host not found in upstream "fastapi" in /etc/nginx/nginx.conf:12
2025/02/16 12:13:34 [emerg] 1#1: host not found in upstream "fastapi" in /etc/nginx/nginx.conf:12
2025/02/16 14:53:18 [emerg] 1#1: host not found in upstream "fastapi" in /etc/nginx/nginx.conf:12
2025/02/16 14:53:47 [emerg] 1#1: host not found in upstream "fastapi" in /etc/nginx/nginx.conf:12
2025/02/16 17:41:39 [emerg] 1#1: host not found in upstream "fastapi" in /etc/nginx/nginx.conf:12
2025/02/16 17:49:45 [emerg] 1#1: host not found in upstream "fastapi" in /etc/nginx/nginx.conf:12
2025/02/16 17:49:55 [emerg] 1#1: host not found in upstream "fastapi" in /etc/nginx/nginx.conf:12
2025/02/16 17:49:59 [emerg] 1#1: host not found in upstream "fastapi" in /etc/nginx/nginx.conf:12
2025/02/16 17:57:59 [emerg] 1#1: host not found in upstream "fastapi" in /etc/nginx/nginx.conf:12
2025/02/16 18:00:46 [emerg] 1#1: host not found in upstream "fastapi" in /etc/nginx/nginx.conf:12
2025/02/16 18:02:27 [emerg] 1#1: host not found in upstream "fastapi" in /etc/nginx/nginx.conf:12
2025/02/16 18:05:28 [emerg] 1#1: host not found in upstream "fastapi" in /etc/nginx/nginx.conf:12
2025/02/16 18:09:54 [emerg] 1#1: host not found in upstream "fastapi" in /etc/nginx/nginx.conf:12
2025/02/16 18:11:33 [emerg] 1#1: host not found in upstream "fastapi" in /etc/nginx/nginx.conf:12
2025/02/16 18:13:25 [emerg] 1#1: host not found in upstream "fastapi" in /etc/nginx/nginx.conf:12
2025/02/16 18:16:44 [emerg] 1#1: host not found in upstream "fastapi" in /etc/nginx/nginx.conf:12
2025/02/16 18:18:31 [emerg] 1#1: host not found in upstream "fastapi" in /etc/nginx/nginx.conf:12
2025/02/16 18:30:33 [emerg] 1#1: host not found in upstream "fastapi" in /etc/nginx/nginx.conf:12
2025/02/16 18:31:01 [emerg] 1#1: host not found in upstream "fastapi" in /etc/nginx/nginx.conf:12
2025/02/16 18:31:12 [emerg] 1#1: host not found in upstream "fastapi" in /etc/nginx/nginx.conf:12
2025/02/16 19:25:56 [emerg] 1#1: host not found in upstream "fastapi" in /etc/nginx/nginx.conf:12
2025/02/17 04:46:34 [emerg] 1#1: host not found in upstream "fastapi" in /etc/nginx/nginx.conf:12
2025/02/17 06:45:29 [emerg] 1#1: host not found in upstream "fastapi" in /etc/nginx/nginx.conf:12
